#
# There is insufficient memory for the Java Runtime Environment to continue.
# Native memory allocation (mmap) failed to map 716177408 bytes for committing reserved memory.
# Possible reasons:
#   The system is out of physical RAM or swap space
#   In 32 bit mode, the process size limit was hit
# Possible solutions:
#   Reduce memory load on the system
#   Increase physical memory or swap space
#   Check if swap backing store is full
#   Use 64 bit Java on a 64 bit OS
#   Decrease Java heap size (-Xmx/-Xms)
#   Decrease number of Java threads
#   Decrease Java thread stack sizes (-Xss)
#   Set larger code cache with -XX:ReservedCodeCacheSize=
# This output file may be truncated or incomplete.
#
#  Out of Memory Error (os_linux.cpp:2673), pid=7649, tid=139922663552768
#
# JRE version:  (8.0_40-b09) (build )
# Java VM: OpenJDK 64-Bit Server VM (25.40-b13 mixed mode linux-amd64 compressed oops)
# Failed to write core dump. Core dumps have been disabled. To enable core dumping, try "ulimit -c unlimited" before starting Java again
#

---------------  T H R E A D  ---------------

Current thread (0x00007f424000a000):  JavaThread "Unknown thread" [_thread_in_vm, id=7650, stack(0x00007f4248983000,0x00007f4248a84000)]

Stack: [0x00007f4248983000,0x00007f4248a84000],  sp=0x00007f4248a82600,  free space=1021k
Native frames: (J=compiled Java code, j=interpreted, Vv=VM code, C=native code)
V  [libjvm.so+0xa8275d]
V  [libjvm.so+0x4e146c]
V  [libjvm.so+0x8d1f50]
V  [libjvm.so+0x8cc7be]
V  [libjvm.so+0x94571b]
V  [libjvm.so+0x9364e3]
V  [libjvm.so+0x2c6031]
V  [libjvm.so+0x8f75bb]
V  [libjvm.so+0xa452d9]
V  [libjvm.so+0xa455c2]
V  [libjvm.so+0x62c2af]
V  [libjvm.so+0xa286aa]
V  [libjvm.so+0x6a25d5]  JNI_CreateJavaVM+0x65
C  [libjli.so+0x2f6e]
C  [libpthread.so.0+0x80a5]  start_thread+0xc5


---------------  P R O C E S S  ---------------

Java Threads: ( => current thread )

Other Threads:

=>0x00007f424000a000 (exited) JavaThread "Unknown thread" [_thread_in_vm, id=7650, stack(0x00007f4248983000,0x00007f4248a84000)]

VM state:not at safepoint (not fully initialized)

VM Mutex/Monitor currently owned by a thread: None

GC Heap History (0 events):
No events

Deoptimization events (0 events):
No events

Internal exceptions (0 events):
No events

Events (0 events):
No events


Dynamic libraries:
00400000-00401000 r-xp 00000000 08:03 5245468                            /usr/lib/jvm/java-8-openjdk-amd64/jre/bin/java
00600000-00601000 r--p 00000000 08:03 5245468                            /usr/lib/jvm/java-8-openjdk-amd64/jre/bin/java
00601000-00602000 rw-p 00001000 08:03 5245468                            /usr/lib/jvm/java-8-openjdk-amd64/jre/bin/java
00d8a000-00dab000 rw-p 00000000 00:00 0                                  [heap]
eab00000-100000000 rw-p 00000000 00:00 0 
7f4238000000-7f4238270000 rwxp 00000000 00:00 0 
7f4238270000-7f4240000000 ---p 00000000 00:00 0 
7f4240000000-7f424002f000 rw-p 00000000 00:00 0 
7f424002f000-7f4244000000 ---p 00000000 00:00 0 
7f4245052000-7f42451a7000 ---p 00000000 00:00 0 
7f42451a7000-7f424525d000 rw-p 00000000 00:00 0 
7f424525d000-7f4245453000 ---p 00000000 00:00 0 
7f4245453000-7f424545b000 r-xp 00000000 08:03 5247116                    /usr/lib/jvm/java-8-openjdk-amd64/jre/lib/amd64/libzip.so
7f424545b000-7f424565a000 ---p 00008000 08:03 5247116                    /usr/lib/jvm/java-8-openjdk-amd64/jre/lib/amd64/libzip.so
7f424565a000-7f424565b000 r--p 00007000 08:03 5247116                    /usr/lib/jvm/java-8-openjdk-amd64/jre/lib/amd64/libzip.so
7f424565b000-7f424565c000 rw-p 00008000 08:03 5247116                    /usr/lib/jvm/java-8-openjdk-amd64/jre/lib/amd64/libzip.so
7f424565c000-7f4245667000 r-xp 00000000 08:03 23208974                   /lib/x86_64-linux-gnu/libnss_files-2.19.so
7f4245667000-7f4245866000 ---p 0000b000 08:03 23208974                   /lib/x86_64-linux-gnu/libnss_files-2.19.so
7f4245866000-7f4245867000 r--p 0000a000 08:03 23208974                   /lib/x86_64-linux-gnu/libnss_files-2.19.so
7f4245867000-7f4245868000 rw-p 0000b000 08:03 23208974                   /lib/x86_64-linux-gnu/libnss_files-2.19.so
7f4245868000-7f4245873000 r-xp 00000000 08:03 23204754                   /lib/x86_64-linux-gnu/libnss_nis-2.19.so
7f4245873000-7f4245a72000 ---p 0000b000 08:03 23204754                   /lib/x86_64-linux-gnu/libnss_nis-2.19.so
7f4245a72000-7f4245a73000 r--p 0000a000 08:03 23204754                   /lib/x86_64-linux-gnu/libnss_nis-2.19.so
7f4245a73000-7f4245a74000 rw-p 0000b000 08:03 23204754                   /lib/x86_64-linux-gnu/libnss_nis-2.19.so
7f4245a74000-7f4245a8b000 r-xp 00000000 08:03 23204698                   /lib/x86_64-linux-gnu/libnsl-2.19.so
7f4245a8b000-7f4245c8a000 ---p 00017000 08:03 23204698                   /lib/x86_64-linux-gnu/libnsl-2.19.so
7f4245c8a000-7f4245c8b000 r--p 00016000 08:03 23204698                   /lib/x86_64-linux-gnu/libnsl-2.19.so
7f4245c8b000-7f4245c8c000 rw-p 00017000 08:03 23204698                   /lib/x86_64-linux-gnu/libnsl-2.19.so
7f4245c8c000-7f4245c8e000 rw-p 00000000 00:00 0 
7f4245c8e000-7f4245c97000 r-xp 00000000 08:03 23204742                   /lib/x86_64-linux-gnu/libnss_compat-2.19.so
7f4245c97000-7f4245e96000 ---p 00009000 08:03 23204742                   /lib/x86_64-linux-gnu/libnss_compat-2.19.so
7f4245e96000-7f4245e97000 r--p 00008000 08:03 23204742                   /lib/x86_64-linux-gnu/libnss_compat-2.19.so
7f4245e97000-7f4245e98000 rw-p 00009000 08:03 23204742                   /lib/x86_64-linux-gnu/libnss_compat-2.19.so
7f4245e98000-7f4245ec5000 r-xp 00000000 08:03 5247111                    /usr/lib/jvm/java-8-openjdk-amd64/jre/lib/amd64/libjava.so
7f4245ec5000-7f42460c5000 ---p 0002d000 08:03 5247111                    /usr/lib/jvm/java-8-openjdk-amd64/jre/lib/amd64/libjava.so
7f42460c5000-7f42460c6000 r--p 0002d000 08:03 5247111                    /usr/lib/jvm/java-8-openjdk-amd64/jre/lib/amd64/libjava.so
7f42460c6000-7f42460c8000 rw-p 0002e000 08:03 5247111                    /usr/lib/jvm/java-8-openjdk-amd64/jre/lib/amd64/libjava.so
7f42460c8000-7f42460d9000 r-xp 00000000 08:03 5247129                    /usr/lib/jvm/java-8-openjdk-amd64/jre/lib/amd64/libverify.so
7f42460d9000-7f42462d8000 ---p 00011000 08:03 5247129                    /usr/lib/jvm/java-8-openjdk-amd64/jre/lib/amd64/libverify.so
7f42462d8000-7f42462da000 r--p 00010000 08:03 5247129                    /usr/lib/jvm/java-8-openjdk-amd64/jre/lib/amd64/libverify.so
7f42462da000-7f42462db000 rw-p 00012000 08:03 5247129                    /usr/lib/jvm/java-8-openjdk-amd64/jre/lib/amd64/libverify.so
7f42462db000-7f42462e2000 r-xp 00000000 08:03 23204753                   /lib/x86_64-linux-gnu/librt-2.19.so
7f42462e2000-7f42464e1000 ---p 00007000 08:03 23204753                   /lib/x86_64-linux-gnu/librt-2.19.so
7f42464e1000-7f42464e2000 r--p 00006000 08:03 23204753                   /lib/x86_64-linux-gnu/librt-2.19.so
7f42464e2000-7f42464e3000 rw-p 00007000 08:03 23204753                   /lib/x86_64-linux-gnu/librt-2.19.so
7f42464e3000-7f42464f9000 r-xp 00000000 08:03 23200559                   /lib/x86_64-linux-gnu/libgcc_s.so.1
7f42464f9000-7f42466f8000 ---p 00016000 08:03 23200559                   /lib/x86_64-linux-gnu/libgcc_s.so.1
7f42466f8000-7f42466f9000 r--p 00015000 08:03 23200559                   /lib/x86_64-linux-gnu/libgcc_s.so.1
7f42466f9000-7f42466fa000 rw-p 00016000 08:03 23200559                   /lib/x86_64-linux-gnu/libgcc_s.so.1
7f42466fa000-7f42467ff000 r-xp 00000000 08:03 23204759                   /lib/x86_64-linux-gnu/libm-2.19.so
7f42467ff000-7f42469fe000 ---p 00105000 08:03 23204759                   /lib/x86_64-linux-gnu/libm-2.19.so
7f42469fe000-7f42469ff000 r--p 00104000 08:03 23204759                   /lib/x86_64-linux-gnu/libm-2.19.so
7f42469ff000-7f4246a00000 rw-p 00105000 08:03 23204759                   /lib/x86_64-linux-gnu/libm-2.19.so
7f4246a00000-7f4246af0000 r-xp 00000000 08:03 4982433                    /usr/lib/x86_64-linux-gnu/libstdc++.so.6.0.20
7f4246af0000-7f4246cf0000 ---p 000f0000 08:03 4982433                    /usr/lib/x86_64-linux-gnu/libstdc++.so.6.0.20
7f4246cf0000-7f4246cf8000 r--p 000f0000 08:03 4982433                    /usr/lib/x86_64-linux-gnu/libstdc++.so.6.0.20
7f4246cf8000-7f4246cfa000 rw-p 000f8000 08:03 4982433                    /usr/lib/x86_64-linux-gnu/libstdc++.so.6.0.20
7f4246cfa000-7f4246d0f000 rw-p 00000000 00:00 0 
7f4246d0f000-7f424798c000 r-xp 00000000 08:03 5380746                    /usr/lib/jvm/java-8-openjdk-amd64/jre/lib/amd64/server/libjvm.so
7f424798c000-7f4247b8b000 ---p 00c7d000 08:03 5380746                    /usr/lib/jvm/java-8-openjdk-amd64/jre/lib/amd64/server/libjvm.so
7f4247b8b000-7f4247c2e000 r--p 00c7c000 08:03 5380746                    /usr/lib/jvm/java-8-openjdk-amd64/jre/lib/amd64/server/libjvm.so
7f4247c2e000-7f4247c57000 rw-p 00d1f000 08:03 5380746                    /usr/lib/jvm/java-8-openjdk-amd64/jre/lib/amd64/server/libjvm.so
7f4247c57000-7f4247c86000 rw-p 00000000 00:00 0 
7f4247c86000-7f4247c9e000 r-xp 00000000 08:03 23204746                   /lib/x86_64-linux-gnu/libpthread-2.19.so
7f4247c9e000-7f4247e9e000 ---p 00018000 08:03 23204746                   /lib/x86_64-linux-gnu/libpthread-2.19.so
7f4247e9e000-7f4247e9f000 r--p 00018000 08:03 23204746                   /lib/x86_64-linux-gnu/libpthread-2.19.so
7f4247e9f000-7f4247ea0000 rw-p 00019000 08:03 23204746                   /lib/x86_64-linux-gnu/libpthread-2.19.so
7f4247ea0000-7f4247ea4000 rw-p 00000000 00:00 0 
7f4247ea4000-7f4247ea7000 r-xp 00000000 08:03 23208991                   /lib/x86_64-linux-gnu/libdl-2.19.so
7f4247ea7000-7f42480a6000 ---p 00003000 08:03 23208991                   /lib/x86_64-linux-gnu/libdl-2.19.so
7f42480a6000-7f42480a7000 r--p 00002000 08:03 23208991                   /lib/x86_64-linux-gnu/libdl-2.19.so
7f42480a7000-7f42480a8000 rw-p 00003000 08:03 23208991                   /lib/x86_64-linux-gnu/libdl-2.19.so
7f42480a8000-7f42480c0000 r-xp 00000000 08:03 23208945                   /lib/x86_64-linux-gnu/libz.so.1.2.8
7f42480c0000-7f42482bf000 ---p 00018000 08:03 23208945                   /lib/x86_64-linux-gnu/libz.so.1.2.8
7f42482bf000-7f42482c0000 r--p 00017000 08:03 23208945                   /lib/x86_64-linux-gnu/libz.so.1.2.8
7f42482c0000-7f42482c1000 rw-p 00018000 08:03 23208945                   /lib/x86_64-linux-gnu/libz.so.1.2.8
7f42482c1000-7f424847b000 r-xp 00000000 08:03 23204677                   /lib/x86_64-linux-gnu/libc-2.19.so
7f424847b000-7f424867b000 ---p 001ba000 08:03 23204677                   /lib/x86_64-linux-gnu/libc-2.19.so
7f424867b000-7f424867f000 r--p 001ba000 08:03 23204677                   /lib/x86_64-linux-gnu/libc-2.19.so
7f424867f000-7f4248681000 rw-p 001be000 08:03 23204677                   /lib/x86_64-linux-gnu/libc-2.19.so
7f4248681000-7f4248686000 rw-p 00000000 00:00 0 
7f4248686000-7f4248694000 r-xp 00000000 08:03 5247120                    /usr/lib/jvm/java-8-openjdk-amd64/jre/lib/amd64/jli/libjli.so
7f4248694000-7f4248893000 ---p 0000e000 08:03 5247120                    /usr/lib/jvm/java-8-openjdk-amd64/jre/lib/amd64/jli/libjli.so
7f4248893000-7f4248894000 r--p 0000d000 08:03 5247120                    /usr/lib/jvm/java-8-openjdk-amd64/jre/lib/amd64/jli/libjli.so
7f4248894000-7f4248895000 rw-p 0000e000 08:03 5247120                    /usr/lib/jvm/java-8-openjdk-amd64/jre/lib/amd64/jli/libjli.so
7f4248895000-7f42488b8000 r-xp 00000000 08:03 23208953                   /lib/x86_64-linux-gnu/ld-2.19.so
7f4248983000-7f4248986000 ---p 00000000 00:00 0 
7f4248986000-7f4248a89000 rw-p 00000000 00:00 0                          [stack:7650]
7f4248aa8000-7f4248aab000 rw-p 00000000 00:00 0 
7f4248aab000-7f4248ab3000 rw-s 00000000 08:03 26214504                   /tmp/hsperfdata_nlw/7649
7f4248ab3000-7f4248ab4000 rw-p 00000000 00:00 0 
7f4248ab4000-7f4248ab5000 r--p 00000000 00:00 0 
7f4248ab5000-7f4248ab7000 rw-p 00000000 00:00 0 
7f4248ab7000-7f4248ab8000 r--p 00022000 08:03 23208953                   /lib/x86_64-linux-gnu/ld-2.19.so
7f4248ab8000-7f4248ab9000 rw-p 00023000 08:03 23208953                   /lib/x86_64-linux-gnu/ld-2.19.so
7f4248ab9000-7f4248aba000 rw-p 00000000 00:00 0 
7fffe7400000-7fffe7421000 rw-p 00000000 00:00 0                          [stack]
7fffe7582000-7fffe7584000 r-xp 00000000 00:00 0                          [vdso]
7fffe7584000-7fffe7586000 r--p 00000000 00:00 0                          [vvar]
ffffffffff600000-ffffffffff601000 r-xp 00000000 00:00 0                  [vsyscall]

VM Arguments:
jvm_args: -Xms1024m -Xmx1024m -XX:ReservedCodeCacheSize=128m -XX:MaxMetaspaceSize=256m 
java_command: /usr/share/sbt-launcher-packaging/bin/sbt-launch.jar run
java_class_path (initial): /usr/share/sbt-launcher-packaging/bin/sbt-launch.jar
Launcher Type: SUN_STANDARD

Environment Variables:
JAVA_HOME=/usr/lib/jvm/java-8-openjdk-amd64
PATH=/opt/scala/scala-2.12.0-M1/bin:/home/nlw/bin:/usr/local/sbin:/usr/local/bin:/usr/sbin:/usr/bin:/sbin:/bin:/usr/games:/usr/local/games:/home/nwerneck/depot_tools:/home/nlw/src/ec2-api-tools-1.6.9.0/bin:/home/nlw/bin/depot_tools
SHELL=/usr/bin/fish
DISPLAY=:0

Signal Handlers:
SIGSEGV: [libjvm.so+0xa83200], sa_mask[0]=11111111011111111101111111111110, sa_flags=SA_RESTART|SA_SIGINFO
SIGBUS: [libjvm.so+0xa83200], sa_mask[0]=11111111011111111101111111111110, sa_flags=SA_RESTART|SA_SIGINFO
SIGFPE: [libjvm.so+0x8cd920], sa_mask[0]=11111111011111111101111111111110, sa_flags=SA_RESTART|SA_SIGINFO
SIGPIPE: [libjvm.so+0x8cd920], sa_mask[0]=11111111011111111101111111111110, sa_flags=SA_RESTART|SA_SIGINFO
SIGXFSZ: [libjvm.so+0x8cd920], sa_mask[0]=11111111011111111101111111111110, sa_flags=SA_RESTART|SA_SIGINFO
SIGILL: [libjvm.so+0x8cd920], sa_mask[0]=11111111011111111101111111111110, sa_flags=SA_RESTART|SA_SIGINFO
SIGUSR1: SIG_DFL, sa_mask[0]=00000000000000000000000000000000, sa_flags=none
SIGUSR2: [libjvm.so+0x8cd7d0], sa_mask[0]=00000000000000000000000000000000, sa_flags=SA_RESTART|SA_SIGINFO
SIGHUP: SIG_DFL, sa_mask[0]=00000000000000000000000000000000, sa_flags=none
SIGINT: SIG_DFL, sa_mask[0]=00000000000000000000000000000000, sa_flags=none
SIGTERM: SIG_DFL, sa_mask[0]=00000000000000000000000000000000, sa_flags=none
SIGQUIT: SIG_DFL, sa_mask[0]=00000000000000000000000000000000, sa_flags=none


---------------  S Y S T E M  ---------------

OS:DISTRIB_ID=Ubuntu
DISTRIB_RELEASE=14.10
DISTRIB_CODENAME=utopic
DISTRIB_DESCRIPTION="Ubuntu 14.10"

uname:Linux 3.16.0-23-generic #31-Ubuntu SMP Tue Oct 21 17:56:17 UTC 2014 x86_64
libc:glibc 2.19 NPTL 2.19 
rlimit: STACK 8192k, CORE 0k, NPROC 15354, NOFILE 4096, AS infinity
load average:1.37 2.08 1.96

/proc/meminfo:
MemTotal:        3953116 kB
MemFree:          169788 kB
MemAvailable:     425976 kB
Buffers:           26460 kB
Cached:           545496 kB
SwapCached:            0 kB
Active:          3265752 kB
Inactive:         316280 kB
Active(anon):    3017380 kB
Inactive(anon):   162480 kB
Active(file):     248372 kB
Inactive(file):   153800 kB
Unevictable:          32 kB
Mlocked:              32 kB
SwapTotal:             0 kB
SwapFree:              0 kB
Dirty:              7600 kB
Writeback:             0 kB
AnonPages:       3010164 kB
Mapped:           358172 kB
Shmem:            169784 kB
Slab:              78052 kB
SReclaimable:      45888 kB
SUnreclaim:        32164 kB
KernelStack:       13168 kB
PageTables:        44564 kB
NFS_Unstable:          0 kB
Bounce:                0 kB
WritebackTmp:          0 kB
CommitLimit:     1976556 kB
Committed_AS:    8159736 kB
VmallocTotal:   34359738367 kB
VmallocUsed:      347080 kB
VmallocChunk:   34359377308 kB
HardwareCorrupted:     0 kB
AnonHugePages:    616448 kB
HugePages_Total:       0
HugePages_Free:        0
HugePages_Rsvd:        0
HugePages_Surp:        0
Hugepagesize:       2048 kB
DirectMap4k:       88352 kB
DirectMap2M:     4012032 kB


CPU:total 4 (2 cores per cpu, 2 threads per core) family 6 model 42 stepping 7, cmov, cx8, fxsr, mmx, sse, sse2, sse3, ssse3, sse4.1, sse4.2, popcnt, avx, aes, clmul, ht, tsc, tscinvbit

/proc/cpuinfo:
processor	: 0
vendor_id	: GenuineIntel
cpu family	: 6
model		: 42
model name	: Intel(R) Core(TM) i5-2450M CPU @ 2.50GHz
stepping	: 7
microcode	: 0x1b
cpu MHz		: 911.230
cache size	: 3072 KB
physical id	: 0
siblings	: 4
core id		: 0
cpu cores	: 2
apicid		: 0
initial apicid	: 0
fpu		: yes
fpu_exception	: yes
cpuid level	: 13
wp		: yes
flags		: fpu vme de pse tsc msr pae mce cx8 apic sep mtrr pge mca cmov pat pse36 clflush dts acpi mmx fxsr sse sse2 ss ht tm pbe syscall nx rdtscp lm constant_tsc arch_perfmon pebs bts rep_good nopl xtopology nonstop_tsc aperfmperf eagerfpu pni pclmulqdq dtes64 monitor ds_cpl vmx est tm2 ssse3 cx16 xtpr pdcm pcid sse4_1 sse4_2 x2apic popcnt tsc_deadline_timer aes xsave avx lahf_lm ida arat epb xsaveopt pln pts dtherm tpr_shadow vnmi flexpriority ept vpid
bogomips	: 4988.54
clflush size	: 64
cache_alignment	: 64
address sizes	: 36 bits physical, 48 bits virtual
power management:

processor	: 1
vendor_id	: GenuineIntel
cpu family	: 6
model		: 42
model name	: Intel(R) Core(TM) i5-2450M CPU @ 2.50GHz
stepping	: 7
microcode	: 0x1b
cpu MHz		: 1168.554
cache size	: 3072 KB
physical id	: 0
siblings	: 4
core id		: 1
cpu cores	: 2
apicid		: 2
initial apicid	: 2
fpu		: yes
fpu_exception	: yes
cpuid level	: 13
wp		: yes
flags		: fpu vme de pse tsc msr pae mce cx8 apic sep mtrr pge mca cmov pat pse36 clflush dts acpi mmx fxsr sse sse2 ss ht tm pbe syscall nx rdtscp lm constant_tsc arch_perfmon pebs bts rep_good nopl xtopology nonstop_tsc aperfmperf eagerfpu pni pclmulqdq dtes64 monitor ds_cpl vmx est tm2 ssse3 cx16 xtpr pdcm pcid sse4_1 sse4_2 x2apic popcnt tsc_deadline_timer aes xsave avx lahf_lm ida arat epb xsaveopt pln pts dtherm tpr_shadow vnmi flexpriority ept vpid
bogomips	: 4988.54
clflush size	: 64
cache_alignment	: 64
address sizes	: 36 bits physical, 48 bits virtual
power management:

processor	: 2
vendor_id	: GenuineIntel
cpu family	: 6
model		: 42
model name	: Intel(R) Core(TM) i5-2450M CPU @ 2.50GHz
stepping	: 7
microcode	: 0x1b
cpu MHz		: 889.550
cache size	: 3072 KB
physical id	: 0
siblings	: 4
core id		: 0
cpu cores	: 2
apicid		: 1
initial apicid	: 1
fpu		: yes
fpu_exception	: yes
cpuid level	: 13
wp		: yes
flags		: fpu vme de pse tsc msr pae mce cx8 apic sep mtrr pge mca cmov pat pse36 clflush dts acpi mmx fxsr sse sse2 ss ht tm pbe syscall nx rdtscp lm constant_tsc arch_perfmon pebs bts rep_good nopl xtopology nonstop_tsc aperfmperf eagerfpu pni pclmulqdq dtes64 monitor ds_cpl vmx est tm2 ssse3 cx16 xtpr pdcm pcid sse4_1 sse4_2 x2apic popcnt tsc_deadline_timer aes xsave avx lahf_lm ida arat epb xsaveopt pln pts dtherm tpr_shadow vnmi flexpriority ept vpid
bogomips	: 4988.54
clflush size	: 64
cache_alignment	: 64
address sizes	: 36 bits physical, 48 bits virtual
power management:

processor	: 3
vendor_id	: GenuineIntel
cpu family	: 6
model		: 42
model name	: Intel(R) Core(TM) i5-2450M CPU @ 2.50GHz
stepping	: 7
microcode	: 0x1b
cpu MHz		: 833.496
cache size	: 3072 KB
physical id	: 0
siblings	: 4
core id		: 1
cpu cores	: 2
apicid		: 3
initial apicid	: 3
fpu		: yes
fpu_exception	: yes
cpuid level	: 13
wp		: yes
flags		: fpu vme de pse tsc msr pae mce cx8 apic sep mtrr pge mca cmov pat pse36 clflush dts acpi mmx fxsr sse sse2 ss ht tm pbe syscall nx rdtscp lm constant_tsc arch_perfmon pebs bts rep_good nopl xtopology nonstop_tsc aperfmperf eagerfpu pni pclmulqdq dtes64 monitor ds_cpl vmx est tm2 ssse3 cx16 xtpr pdcm pcid sse4_1 sse4_2 x2apic popcnt tsc_deadline_timer aes xsave avx lahf_lm ida arat epb xsaveopt pln pts dtherm tpr_shadow vnmi flexpriority ept vpid
bogomips	: 4988.54
clflush size	: 64
cache_alignment	: 64
address sizes	: 36 bits physical, 48 bits virtual
power management:



Memory: 4k page, physical 3953116k(169788k free), swap 0k(0k free)

vm_info: OpenJDK 64-Bit Server VM (25.40-b13) for linux-amd64 JRE (1.8.0_40-internal-b09), built on Oct 14 2014 17:09:13 by "buildd" with gcc 4.9.1

time: Tue Jun  9 02:11:17 2015
elapsed time: 0 seconds (0d 0h 0m 0s)

