#
# There is insufficient memory for the Java Runtime Environment to continue.
# Native memory allocation (mmap) failed to map 716177408 bytes for committing reserved memory.
# Possible reasons:
#   The system is out of physical RAM or swap space
#   In 32 bit mode, the process size limit was hit
# Possible solutions:
#   Reduce memory load on the system
#   Increase physical memory or swap space
#   Check if swap backing store is full
#   Use 64 bit Java on a 64 bit OS
#   Decrease Java heap size (-Xmx/-Xms)
#   Decrease number of Java threads
#   Decrease Java thread stack sizes (-Xss)
#   Set larger code cache with -XX:ReservedCodeCacheSize=
# This output file may be truncated or incomplete.
#
#  Out of Memory Error (os_linux.cpp:2673), pid=8238, tid=140406084474624
#
# JRE version:  (8.0_40-b09) (build )
# Java VM: OpenJDK 64-Bit Server VM (25.40-b13 mixed mode linux-amd64 compressed oops)
# Failed to write core dump. Core dumps have been disabled. To enable core dumping, try "ulimit -c unlimited" before starting Java again
#

---------------  T H R E A D  ---------------

Current thread (0x00007fb2d000a000):  JavaThread "Unknown thread" [_thread_in_vm, id=8239, stack(0x00007fb2d6ba1000,0x00007fb2d6ca2000)]

Stack: [0x00007fb2d6ba1000,0x00007fb2d6ca2000],  sp=0x00007fb2d6ca0600,  free space=1021k
Native frames: (J=compiled Java code, j=interpreted, Vv=VM code, C=native code)
V  [libjvm.so+0xa8275d]
V  [libjvm.so+0x4e146c]
V  [libjvm.so+0x8d1f50]
V  [libjvm.so+0x8cc7be]
V  [libjvm.so+0x94571b]
V  [libjvm.so+0x9364e3]
V  [libjvm.so+0x2c6031]
V  [libjvm.so+0x8f75bb]
V  [libjvm.so+0xa452d9]
V  [libjvm.so+0xa455c2]
V  [libjvm.so+0x62c2af]
V  [libjvm.so+0xa286aa]
V  [libjvm.so+0x6a25d5]  JNI_CreateJavaVM+0x65
C  [libjli.so+0x2f6e]
C  [libpthread.so.0+0x80a5]  start_thread+0xc5


---------------  P R O C E S S  ---------------

Java Threads: ( => current thread )

Other Threads:

=>0x00007fb2d000a000 (exited) JavaThread "Unknown thread" [_thread_in_vm, id=8239, stack(0x00007fb2d6ba1000,0x00007fb2d6ca2000)]

VM state:not at safepoint (not fully initialized)

VM Mutex/Monitor currently owned by a thread: None

GC Heap History (0 events):
No events

Deoptimization events (0 events):
No events

Internal exceptions (0 events):
No events

Events (0 events):
No events


Dynamic libraries:
00400000-00401000 r-xp 00000000 08:03 5245468                            /usr/lib/jvm/java-8-openjdk-amd64/jre/bin/java
00600000-00601000 r--p 00000000 08:03 5245468                            /usr/lib/jvm/java-8-openjdk-amd64/jre/bin/java
00601000-00602000 rw-p 00001000 08:03 5245468                            /usr/lib/jvm/java-8-openjdk-amd64/jre/bin/java
012b7000-012d8000 rw-p 00000000 00:00 0                                  [heap]
eab00000-100000000 rw-p 00000000 00:00 0 
7fb2c71ba000-7fb2c730f000 ---p 00000000 00:00 0 
7fb2c730f000-7fb2c73c5000 rw-p 00000000 00:00 0 
7fb2c73c5000-7fb2c75bb000 ---p 00000000 00:00 0 
7fb2c75bb000-7fb2c782b000 rwxp 00000000 00:00 0 
7fb2c782b000-7fb2cf5bb000 ---p 00000000 00:00 0 
7fb2cf5bb000-7fb2cf5c3000 r-xp 00000000 08:03 5247116                    /usr/lib/jvm/java-8-openjdk-amd64/jre/lib/amd64/libzip.so
7fb2cf5c3000-7fb2cf7c2000 ---p 00008000 08:03 5247116                    /usr/lib/jvm/java-8-openjdk-amd64/jre/lib/amd64/libzip.so
7fb2cf7c2000-7fb2cf7c3000 r--p 00007000 08:03 5247116                    /usr/lib/jvm/java-8-openjdk-amd64/jre/lib/amd64/libzip.so
7fb2cf7c3000-7fb2cf7c4000 rw-p 00008000 08:03 5247116                    /usr/lib/jvm/java-8-openjdk-amd64/jre/lib/amd64/libzip.so
7fb2cf7c4000-7fb2cf7cf000 r-xp 00000000 08:03 23208974                   /lib/x86_64-linux-gnu/libnss_files-2.19.so
7fb2cf7cf000-7fb2cf9ce000 ---p 0000b000 08:03 23208974                   /lib/x86_64-linux-gnu/libnss_files-2.19.so
7fb2cf9ce000-7fb2cf9cf000 r--p 0000a000 08:03 23208974                   /lib/x86_64-linux-gnu/libnss_files-2.19.so
7fb2cf9cf000-7fb2cf9d0000 rw-p 0000b000 08:03 23208974                   /lib/x86_64-linux-gnu/libnss_files-2.19.so
7fb2cf9d0000-7fb2cf9db000 r-xp 00000000 08:03 23204754                   /lib/x86_64-linux-gnu/libnss_nis-2.19.so
7fb2cf9db000-7fb2cfbda000 ---p 0000b000 08:03 23204754                   /lib/x86_64-linux-gnu/libnss_nis-2.19.so
7fb2cfbda000-7fb2cfbdb000 r--p 0000a000 08:03 23204754                   /lib/x86_64-linux-gnu/libnss_nis-2.19.so
7fb2cfbdb000-7fb2cfbdc000 rw-p 0000b000 08:03 23204754                   /lib/x86_64-linux-gnu/libnss_nis-2.19.so
7fb2cfbdc000-7fb2cfbf3000 r-xp 00000000 08:03 23204698                   /lib/x86_64-linux-gnu/libnsl-2.19.so
7fb2cfbf3000-7fb2cfdf2000 ---p 00017000 08:03 23204698                   /lib/x86_64-linux-gnu/libnsl-2.19.so
7fb2cfdf2000-7fb2cfdf3000 r--p 00016000 08:03 23204698                   /lib/x86_64-linux-gnu/libnsl-2.19.so
7fb2cfdf3000-7fb2cfdf4000 rw-p 00017000 08:03 23204698                   /lib/x86_64-linux-gnu/libnsl-2.19.so
7fb2cfdf4000-7fb2cfdf6000 rw-p 00000000 00:00 0 
7fb2cfdf6000-7fb2cfdff000 r-xp 00000000 08:03 23204742                   /lib/x86_64-linux-gnu/libnss_compat-2.19.so
7fb2cfdff000-7fb2cfffe000 ---p 00009000 08:03 23204742                   /lib/x86_64-linux-gnu/libnss_compat-2.19.so
7fb2cfffe000-7fb2cffff000 r--p 00008000 08:03 23204742                   /lib/x86_64-linux-gnu/libnss_compat-2.19.so
7fb2cffff000-7fb2d0000000 rw-p 00009000 08:03 23204742                   /lib/x86_64-linux-gnu/libnss_compat-2.19.so
7fb2d0000000-7fb2d002f000 rw-p 00000000 00:00 0 
7fb2d002f000-7fb2d4000000 ---p 00000000 00:00 0 
7fb2d40b6000-7fb2d40e3000 r-xp 00000000 08:03 5247111                    /usr/lib/jvm/java-8-openjdk-amd64/jre/lib/amd64/libjava.so
7fb2d40e3000-7fb2d42e3000 ---p 0002d000 08:03 5247111                    /usr/lib/jvm/java-8-openjdk-amd64/jre/lib/amd64/libjava.so
7fb2d42e3000-7fb2d42e4000 r--p 0002d000 08:03 5247111                    /usr/lib/jvm/java-8-openjdk-amd64/jre/lib/amd64/libjava.so
7fb2d42e4000-7fb2d42e6000 rw-p 0002e000 08:03 5247111                    /usr/lib/jvm/java-8-openjdk-amd64/jre/lib/amd64/libjava.so
7fb2d42e6000-7fb2d42f7000 r-xp 00000000 08:03 5247129                    /usr/lib/jvm/java-8-openjdk-amd64/jre/lib/amd64/libverify.so
7fb2d42f7000-7fb2d44f6000 ---p 00011000 08:03 5247129                    /usr/lib/jvm/java-8-openjdk-amd64/jre/lib/amd64/libverify.so
7fb2d44f6000-7fb2d44f8000 r--p 00010000 08:03 5247129                    /usr/lib/jvm/java-8-openjdk-amd64/jre/lib/amd64/libverify.so
7fb2d44f8000-7fb2d44f9000 rw-p 00012000 08:03 5247129                    /usr/lib/jvm/java-8-openjdk-amd64/jre/lib/amd64/libverify.so
7fb2d44f9000-7fb2d4500000 r-xp 00000000 08:03 23204753                   /lib/x86_64-linux-gnu/librt-2.19.so
7fb2d4500000-7fb2d46ff000 ---p 00007000 08:03 23204753                   /lib/x86_64-linux-gnu/librt-2.19.so
7fb2d46ff000-7fb2d4700000 r--p 00006000 08:03 23204753                   /lib/x86_64-linux-gnu/librt-2.19.so
7fb2d4700000-7fb2d4701000 rw-p 00007000 08:03 23204753                   /lib/x86_64-linux-gnu/librt-2.19.so
7fb2d4701000-7fb2d4717000 r-xp 00000000 08:03 23200559                   /lib/x86_64-linux-gnu/libgcc_s.so.1
7fb2d4717000-7fb2d4916000 ---p 00016000 08:03 23200559                   /lib/x86_64-linux-gnu/libgcc_s.so.1
7fb2d4916000-7fb2d4917000 r--p 00015000 08:03 23200559                   /lib/x86_64-linux-gnu/libgcc_s.so.1
7fb2d4917000-7fb2d4918000 rw-p 00016000 08:03 23200559                   /lib/x86_64-linux-gnu/libgcc_s.so.1
7fb2d4918000-7fb2d4a1d000 r-xp 00000000 08:03 23204759                   /lib/x86_64-linux-gnu/libm-2.19.so
7fb2d4a1d000-7fb2d4c1c000 ---p 00105000 08:03 23204759                   /lib/x86_64-linux-gnu/libm-2.19.so
7fb2d4c1c000-7fb2d4c1d000 r--p 00104000 08:03 23204759                   /lib/x86_64-linux-gnu/libm-2.19.so
7fb2d4c1d000-7fb2d4c1e000 rw-p 00105000 08:03 23204759                   /lib/x86_64-linux-gnu/libm-2.19.so
7fb2d4c1e000-7fb2d4d0e000 r-xp 00000000 08:03 4982433                    /usr/lib/x86_64-linux-gnu/libstdc++.so.6.0.20
7fb2d4d0e000-7fb2d4f0e000 ---p 000f0000 08:03 4982433                    /usr/lib/x86_64-linux-gnu/libstdc++.so.6.0.20
7fb2d4f0e000-7fb2d4f16000 r--p 000f0000 08:03 4982433                    /usr/lib/x86_64-linux-gnu/libstdc++.so.6.0.20
7fb2d4f16000-7fb2d4f18000 rw-p 000f8000 08:03 4982433                    /usr/lib/x86_64-linux-gnu/libstdc++.so.6.0.20
7fb2d4f18000-7fb2d4f2d000 rw-p 00000000 00:00 0 
7fb2d4f2d000-7fb2d5baa000 r-xp 00000000 08:03 5380746                    /usr/lib/jvm/java-8-openjdk-amd64/jre/lib/amd64/server/libjvm.so
7fb2d5baa000-7fb2d5da9000 ---p 00c7d000 08:03 5380746                    /usr/lib/jvm/java-8-openjdk-amd64/jre/lib/amd64/server/libjvm.so
7fb2d5da9000-7fb2d5e4c000 r--p 00c7c000 08:03 5380746                    /usr/lib/jvm/java-8-openjdk-amd64/jre/lib/amd64/server/libjvm.so
7fb2d5e4c000-7fb2d5e75000 rw-p 00d1f000 08:03 5380746                    /usr/lib/jvm/java-8-openjdk-amd64/jre/lib/amd64/server/libjvm.so
7fb2d5e75000-7fb2d5ea4000 rw-p 00000000 00:00 0 
7fb2d5ea4000-7fb2d5ebc000 r-xp 00000000 08:03 23204746                   /lib/x86_64-linux-gnu/libpthread-2.19.so
7fb2d5ebc000-7fb2d60bc000 ---p 00018000 08:03 23204746                   /lib/x86_64-linux-gnu/libpthread-2.19.so
7fb2d60bc000-7fb2d60bd000 r--p 00018000 08:03 23204746                   /lib/x86_64-linux-gnu/libpthread-2.19.so
7fb2d60bd000-7fb2d60be000 rw-p 00019000 08:03 23204746                   /lib/x86_64-linux-gnu/libpthread-2.19.so
7fb2d60be000-7fb2d60c2000 rw-p 00000000 00:00 0 
7fb2d60c2000-7fb2d60c5000 r-xp 00000000 08:03 23208991                   /lib/x86_64-linux-gnu/libdl-2.19.so
7fb2d60c5000-7fb2d62c4000 ---p 00003000 08:03 23208991                   /lib/x86_64-linux-gnu/libdl-2.19.so
7fb2d62c4000-7fb2d62c5000 r--p 00002000 08:03 23208991                   /lib/x86_64-linux-gnu/libdl-2.19.so
7fb2d62c5000-7fb2d62c6000 rw-p 00003000 08:03 23208991                   /lib/x86_64-linux-gnu/libdl-2.19.so
7fb2d62c6000-7fb2d62de000 r-xp 00000000 08:03 23208945                   /lib/x86_64-linux-gnu/libz.so.1.2.8
7fb2d62de000-7fb2d64dd000 ---p 00018000 08:03 23208945                   /lib/x86_64-linux-gnu/libz.so.1.2.8
7fb2d64dd000-7fb2d64de000 r--p 00017000 08:03 23208945                   /lib/x86_64-linux-gnu/libz.so.1.2.8
7fb2d64de000-7fb2d64df000 rw-p 00018000 08:03 23208945                   /lib/x86_64-linux-gnu/libz.so.1.2.8
7fb2d64df000-7fb2d6699000 r-xp 00000000 08:03 23204677                   /lib/x86_64-linux-gnu/libc-2.19.so
7fb2d6699000-7fb2d6899000 ---p 001ba000 08:03 23204677                   /lib/x86_64-linux-gnu/libc-2.19.so
7fb2d6899000-7fb2d689d000 r--p 001ba000 08:03 23204677                   /lib/x86_64-linux-gnu/libc-2.19.so
7fb2d689d000-7fb2d689f000 rw-p 001be000 08:03 23204677                   /lib/x86_64-linux-gnu/libc-2.19.so
7fb2d689f000-7fb2d68a4000 rw-p 00000000 00:00 0 
7fb2d68a4000-7fb2d68b2000 r-xp 00000000 08:03 5247120                    /usr/lib/jvm/java-8-openjdk-amd64/jre/lib/amd64/jli/libjli.so
7fb2d68b2000-7fb2d6ab1000 ---p 0000e000 08:03 5247120                    /usr/lib/jvm/java-8-openjdk-amd64/jre/lib/amd64/jli/libjli.so
7fb2d6ab1000-7fb2d6ab2000 r--p 0000d000 08:03 5247120                    /usr/lib/jvm/java-8-openjdk-amd64/jre/lib/amd64/jli/libjli.so
7fb2d6ab2000-7fb2d6ab3000 rw-p 0000e000 08:03 5247120                    /usr/lib/jvm/java-8-openjdk-amd64/jre/lib/amd64/jli/libjli.so
7fb2d6ab3000-7fb2d6ad6000 r-xp 00000000 08:03 23208953                   /lib/x86_64-linux-gnu/ld-2.19.so
7fb2d6ba1000-7fb2d6ba4000 ---p 00000000 00:00 0 
7fb2d6ba4000-7fb2d6ca7000 rw-p 00000000 00:00 0                          [stack:8239]
7fb2d6cc6000-7fb2d6cc9000 rw-p 00000000 00:00 0 
7fb2d6cc9000-7fb2d6cd1000 rw-s 00000000 08:03 26214482                   /tmp/hsperfdata_nlw/8238
7fb2d6cd1000-7fb2d6cd2000 rw-p 00000000 00:00 0 
7fb2d6cd2000-7fb2d6cd3000 r--p 00000000 00:00 0 
7fb2d6cd3000-7fb2d6cd5000 rw-p 00000000 00:00 0 
7fb2d6cd5000-7fb2d6cd6000 r--p 00022000 08:03 23208953                   /lib/x86_64-linux-gnu/ld-2.19.so
7fb2d6cd6000-7fb2d6cd7000 rw-p 00023000 08:03 23208953                   /lib/x86_64-linux-gnu/ld-2.19.so
7fb2d6cd7000-7fb2d6cd8000 rw-p 00000000 00:00 0 
7fffcb817000-7fffcb838000 rw-p 00000000 00:00 0                          [stack]
7fffcb9d8000-7fffcb9da000 r-xp 00000000 00:00 0                          [vdso]
7fffcb9da000-7fffcb9dc000 r--p 00000000 00:00 0                          [vvar]
ffffffffff600000-ffffffffff601000 r-xp 00000000 00:00 0                  [vsyscall]

VM Arguments:
jvm_args: -Xms1024m -Xmx1024m -XX:ReservedCodeCacheSize=128m -XX:MaxMetaspaceSize=256m 
java_command: /usr/share/sbt-launcher-packaging/bin/sbt-launch.jar run
java_class_path (initial): /usr/share/sbt-launcher-packaging/bin/sbt-launch.jar
Launcher Type: SUN_STANDARD

Environment Variables:
JAVA_HOME=/usr/lib/jvm/java-8-openjdk-amd64
PATH=/opt/scala/scala-2.12.0-M1/bin:/home/nlw/bin:/usr/local/sbin:/usr/local/bin:/usr/sbin:/usr/bin:/sbin:/bin:/usr/games:/usr/local/games:/home/nwerneck/depot_tools:/home/nlw/src/ec2-api-tools-1.6.9.0/bin:/home/nlw/bin/depot_tools
SHELL=/usr/bin/fish
DISPLAY=:0

Signal Handlers:
SIGSEGV: [libjvm.so+0xa83200], sa_mask[0]=11111111011111111101111111111110, sa_flags=SA_RESTART|SA_SIGINFO
SIGBUS: [libjvm.so+0xa83200], sa_mask[0]=11111111011111111101111111111110, sa_flags=SA_RESTART|SA_SIGINFO
SIGFPE: [libjvm.so+0x8cd920], sa_mask[0]=11111111011111111101111111111110, sa_flags=SA_RESTART|SA_SIGINFO
SIGPIPE: [libjvm.so+0x8cd920], sa_mask[0]=11111111011111111101111111111110, sa_flags=SA_RESTART|SA_SIGINFO
SIGXFSZ: [libjvm.so+0x8cd920], sa_mask[0]=11111111011111111101111111111110, sa_flags=SA_RESTART|SA_SIGINFO
SIGILL: [libjvm.so+0x8cd920], sa_mask[0]=11111111011111111101111111111110, sa_flags=SA_RESTART|SA_SIGINFO
SIGUSR1: SIG_DFL, sa_mask[0]=00000000000000000000000000000000, sa_flags=none
SIGUSR2: [libjvm.so+0x8cd7d0], sa_mask[0]=00000000000000000000000000000000, sa_flags=SA_RESTART|SA_SIGINFO
SIGHUP: SIG_DFL, sa_mask[0]=00000000000000000000000000000000, sa_flags=none
SIGINT: SIG_DFL, sa_mask[0]=00000000000000000000000000000000, sa_flags=none
SIGTERM: SIG_DFL, sa_mask[0]=00000000000000000000000000000000, sa_flags=none
SIGQUIT: SIG_DFL, sa_mask[0]=00000000000000000000000000000000, sa_flags=none


---------------  S Y S T E M  ---------------

OS:DISTRIB_ID=Ubuntu
DISTRIB_RELEASE=14.10
DISTRIB_CODENAME=utopic
DISTRIB_DESCRIPTION="Ubuntu 14.10"

uname:Linux 3.16.0-23-generic #31-Ubuntu SMP Tue Oct 21 17:56:17 UTC 2014 x86_64
libc:glibc 2.19 NPTL 2.19 
rlimit: STACK 8192k, CORE 0k, NPROC 15354, NOFILE 4096, AS infinity
load average:1.17 1.62 1.80

/proc/meminfo:
MemTotal:        3953116 kB
MemFree:          321080 kB
MemAvailable:     530372 kB
Buffers:           24432 kB
Cached:           496900 kB
SwapCached:            0 kB
Active:          3142152 kB
Inactive:         290136 kB
Active(anon):    2918260 kB
Inactive(anon):   158188 kB
Active(file):     223892 kB
Inactive(file):   131948 kB
Unevictable:          32 kB
Mlocked:              32 kB
SwapTotal:             0 kB
SwapFree:              0 kB
Dirty:             30024 kB
Writeback:             0 kB
AnonPages:       2911028 kB
Mapped:           346104 kB
Shmem:            165492 kB
Slab:              76788 kB
SReclaimable:      44760 kB
SUnreclaim:        32028 kB
KernelStack:       12560 kB
PageTables:        43736 kB
NFS_Unstable:          0 kB
Bounce:                0 kB
WritebackTmp:          0 kB
CommitLimit:     1976556 kB
Committed_AS:    7825776 kB
VmallocTotal:   34359738367 kB
VmallocUsed:      347112 kB
VmallocChunk:   34359376308 kB
HardwareCorrupted:     0 kB
AnonHugePages:    589824 kB
HugePages_Total:       0
HugePages_Free:        0
HugePages_Rsvd:        0
HugePages_Surp:        0
Hugepagesize:       2048 kB
DirectMap4k:       88352 kB
DirectMap2M:     4012032 kB


CPU:total 4 (2 cores per cpu, 2 threads per core) family 6 model 42 stepping 7, cmov, cx8, fxsr, mmx, sse, sse2, sse3, ssse3, sse4.1, sse4.2, popcnt, avx, aes, clmul, ht, tsc, tscinvbit

/proc/cpuinfo:
processor	: 0
vendor_id	: GenuineIntel
cpu family	: 6
model		: 42
model name	: Intel(R) Core(TM) i5-2450M CPU @ 2.50GHz
stepping	: 7
microcode	: 0x1b
cpu MHz		: 2369.042
cache size	: 3072 KB
physical id	: 0
siblings	: 4
core id		: 0
cpu cores	: 2
apicid		: 0
initial apicid	: 0
fpu		: yes
fpu_exception	: yes
cpuid level	: 13
wp		: yes
flags		: fpu vme de pse tsc msr pae mce cx8 apic sep mtrr pge mca cmov pat pse36 clflush dts acpi mmx fxsr sse sse2 ss ht tm pbe syscall nx rdtscp lm constant_tsc arch_perfmon pebs bts rep_good nopl xtopology nonstop_tsc aperfmperf eagerfpu pni pclmulqdq dtes64 monitor ds_cpl vmx est tm2 ssse3 cx16 xtpr pdcm pcid sse4_1 sse4_2 x2apic popcnt tsc_deadline_timer aes xsave avx lahf_lm ida arat epb xsaveopt pln pts dtherm tpr_shadow vnmi flexpriority ept vpid
bogomips	: 4988.54
clflush size	: 64
cache_alignment	: 64
address sizes	: 36 bits physical, 48 bits virtual
power management:

processor	: 1
vendor_id	: GenuineIntel
cpu family	: 6
model		: 42
model name	: Intel(R) Core(TM) i5-2450M CPU @ 2.50GHz
stepping	: 7
microcode	: 0x1b
cpu MHz		: 2379.003
cache size	: 3072 KB
physical id	: 0
siblings	: 4
core id		: 1
cpu cores	: 2
apicid		: 2
initial apicid	: 2
fpu		: yes
fpu_exception	: yes
cpuid level	: 13
wp		: yes
flags		: fpu vme de pse tsc msr pae mce cx8 apic sep mtrr pge mca cmov pat pse36 clflush dts acpi mmx fxsr sse sse2 ss ht tm pbe syscall nx rdtscp lm constant_tsc arch_perfmon pebs bts rep_good nopl xtopology nonstop_tsc aperfmperf eagerfpu pni pclmulqdq dtes64 monitor ds_cpl vmx est tm2 ssse3 cx16 xtpr pdcm pcid sse4_1 sse4_2 x2apic popcnt tsc_deadline_timer aes xsave avx lahf_lm ida arat epb xsaveopt pln pts dtherm tpr_shadow vnmi flexpriority ept vpid
bogomips	: 4988.54
clflush size	: 64
cache_alignment	: 64
address sizes	: 36 bits physical, 48 bits virtual
power management:

processor	: 2
vendor_id	: GenuineIntel
cpu family	: 6
model		: 42
model name	: Intel(R) Core(TM) i5-2450M CPU @ 2.50GHz
stepping	: 7
microcode	: 0x1b
cpu MHz		: 2554.687
cache size	: 3072 KB
physical id	: 0
siblings	: 4
core id		: 0
cpu cores	: 2
apicid		: 1
initial apicid	: 1
fpu		: yes
fpu_exception	: yes
cpuid level	: 13
wp		: yes
flags		: fpu vme de pse tsc msr pae mce cx8 apic sep mtrr pge mca cmov pat pse36 clflush dts acpi mmx fxsr sse sse2 ss ht tm pbe syscall nx rdtscp lm constant_tsc arch_perfmon pebs bts rep_good nopl xtopology nonstop_tsc aperfmperf eagerfpu pni pclmulqdq dtes64 monitor ds_cpl vmx est tm2 ssse3 cx16 xtpr pdcm pcid sse4_1 sse4_2 x2apic popcnt tsc_deadline_timer aes xsave avx lahf_lm ida arat epb xsaveopt pln pts dtherm tpr_shadow vnmi flexpriority ept vpid
bogomips	: 4988.54
clflush size	: 64
cache_alignment	: 64
address sizes	: 36 bits physical, 48 bits virtual
power management:

processor	: 3
vendor_id	: GenuineIntel
cpu family	: 6
model		: 42
model name	: Intel(R) Core(TM) i5-2450M CPU @ 2.50GHz
stepping	: 7
microcode	: 0x1b
cpu MHz		: 2486.816
cache size	: 3072 KB
physical id	: 0
siblings	: 4
core id		: 1
cpu cores	: 2
apicid		: 3
initial apicid	: 3
fpu		: yes
fpu_exception	: yes
cpuid level	: 13
wp		: yes
flags		: fpu vme de pse tsc msr pae mce cx8 apic sep mtrr pge mca cmov pat pse36 clflush dts acpi mmx fxsr sse sse2 ss ht tm pbe syscall nx rdtscp lm constant_tsc arch_perfmon pebs bts rep_good nopl xtopology nonstop_tsc aperfmperf eagerfpu pni pclmulqdq dtes64 monitor ds_cpl vmx est tm2 ssse3 cx16 xtpr pdcm pcid sse4_1 sse4_2 x2apic popcnt tsc_deadline_timer aes xsave avx lahf_lm ida arat epb xsaveopt pln pts dtherm tpr_shadow vnmi flexpriority ept vpid
bogomips	: 4988.54
clflush size	: 64
cache_alignment	: 64
address sizes	: 36 bits physical, 48 bits virtual
power management:



Memory: 4k page, physical 3953116k(321080k free), swap 0k(0k free)

vm_info: OpenJDK 64-Bit Server VM (25.40-b13) for linux-amd64 JRE (1.8.0_40-internal-b09), built on Oct 14 2014 17:09:13 by "buildd" with gcc 4.9.1

time: Tue Jun  9 02:13:37 2015
elapsed time: 0 seconds (0d 0h 0m 0s)

