#
# There is insufficient memory for the Java Runtime Environment to continue.
# Native memory allocation (mmap) failed to map 716177408 bytes for committing reserved memory.
# Possible reasons:
#   The system is out of physical RAM or swap space
#   In 32 bit mode, the process size limit was hit
# Possible solutions:
#   Reduce memory load on the system
#   Increase physical memory or swap space
#   Check if swap backing store is full
#   Use 64 bit Java on a 64 bit OS
#   Decrease Java heap size (-Xmx/-Xms)
#   Decrease number of Java threads
#   Decrease Java thread stack sizes (-Xss)
#   Set larger code cache with -XX:ReservedCodeCacheSize=
# This output file may be truncated or incomplete.
#
#  Out of Memory Error (os_linux.cpp:2673), pid=8052, tid=139799567329024
#
# JRE version:  (8.0_40-b09) (build )
# Java VM: OpenJDK 64-Bit Server VM (25.40-b13 mixed mode linux-amd64 compressed oops)
# Failed to write core dump. Core dumps have been disabled. To enable core dumping, try "ulimit -c unlimited" before starting Java again
#

---------------  T H R E A D  ---------------

Current thread (0x00007f259800a000):  JavaThread "Unknown thread" [_thread_in_vm, id=8053, stack(0x00007f259f7ce000,0x00007f259f8cf000)]

Stack: [0x00007f259f7ce000,0x00007f259f8cf000],  sp=0x00007f259f8cd600,  free space=1021k
Native frames: (J=compiled Java code, j=interpreted, Vv=VM code, C=native code)
V  [libjvm.so+0xa8275d]
V  [libjvm.so+0x4e146c]
V  [libjvm.so+0x8d1f50]
V  [libjvm.so+0x8cc7be]
V  [libjvm.so+0x94571b]
V  [libjvm.so+0x9364e3]
V  [libjvm.so+0x2c6031]
V  [libjvm.so+0x8f75bb]
V  [libjvm.so+0xa452d9]
V  [libjvm.so+0xa455c2]
V  [libjvm.so+0x62c2af]
V  [libjvm.so+0xa286aa]
V  [libjvm.so+0x6a25d5]  JNI_CreateJavaVM+0x65
C  [libjli.so+0x2f6e]
C  [libpthread.so.0+0x80a5]  start_thread+0xc5


---------------  P R O C E S S  ---------------

Java Threads: ( => current thread )

Other Threads:

=>0x00007f259800a000 (exited) JavaThread "Unknown thread" [_thread_in_vm, id=8053, stack(0x00007f259f7ce000,0x00007f259f8cf000)]

VM state:not at safepoint (not fully initialized)

VM Mutex/Monitor currently owned by a thread: None

GC Heap History (0 events):
No events

Deoptimization events (0 events):
No events

Internal exceptions (0 events):
No events

Events (0 events):
No events


Dynamic libraries:
00400000-00401000 r-xp 00000000 08:03 5245468                            /usr/lib/jvm/java-8-openjdk-amd64/jre/bin/java
00600000-00601000 r--p 00000000 08:03 5245468                            /usr/lib/jvm/java-8-openjdk-amd64/jre/bin/java
00601000-00602000 rw-p 00001000 08:03 5245468                            /usr/lib/jvm/java-8-openjdk-amd64/jre/bin/java
00d1c000-00d3d000 rw-p 00000000 00:00 0                                  [heap]
eab00000-100000000 rw-p 00000000 00:00 0 
7f258fdff000-7f258ff54000 ---p 00000000 00:00 0 
7f258ff54000-7f2590000000 rw-p 00000000 00:00 0 
7f2590000000-7f2590270000 rwxp 00000000 00:00 0 
7f2590270000-7f2598000000 ---p 00000000 00:00 0 
7f2598000000-7f259802f000 rw-p 00000000 00:00 0 
7f259802f000-7f259c000000 ---p 00000000 00:00 0 
7f259c09e000-7f259c0a8000 rw-p 00000000 00:00 0 
7f259c0a8000-7f259c29e000 ---p 00000000 00:00 0 
7f259c29e000-7f259c2a6000 r-xp 00000000 08:03 5247116                    /usr/lib/jvm/java-8-openjdk-amd64/jre/lib/amd64/libzip.so
7f259c2a6000-7f259c4a5000 ---p 00008000 08:03 5247116                    /usr/lib/jvm/java-8-openjdk-amd64/jre/lib/amd64/libzip.so
7f259c4a5000-7f259c4a6000 r--p 00007000 08:03 5247116                    /usr/lib/jvm/java-8-openjdk-amd64/jre/lib/amd64/libzip.so
7f259c4a6000-7f259c4a7000 rw-p 00008000 08:03 5247116                    /usr/lib/jvm/java-8-openjdk-amd64/jre/lib/amd64/libzip.so
7f259c4a7000-7f259c4b2000 r-xp 00000000 08:03 23208974                   /lib/x86_64-linux-gnu/libnss_files-2.19.so
7f259c4b2000-7f259c6b1000 ---p 0000b000 08:03 23208974                   /lib/x86_64-linux-gnu/libnss_files-2.19.so
7f259c6b1000-7f259c6b2000 r--p 0000a000 08:03 23208974                   /lib/x86_64-linux-gnu/libnss_files-2.19.so
7f259c6b2000-7f259c6b3000 rw-p 0000b000 08:03 23208974                   /lib/x86_64-linux-gnu/libnss_files-2.19.so
7f259c6b3000-7f259c6be000 r-xp 00000000 08:03 23204754                   /lib/x86_64-linux-gnu/libnss_nis-2.19.so
7f259c6be000-7f259c8bd000 ---p 0000b000 08:03 23204754                   /lib/x86_64-linux-gnu/libnss_nis-2.19.so
7f259c8bd000-7f259c8be000 r--p 0000a000 08:03 23204754                   /lib/x86_64-linux-gnu/libnss_nis-2.19.so
7f259c8be000-7f259c8bf000 rw-p 0000b000 08:03 23204754                   /lib/x86_64-linux-gnu/libnss_nis-2.19.so
7f259c8bf000-7f259c8d6000 r-xp 00000000 08:03 23204698                   /lib/x86_64-linux-gnu/libnsl-2.19.so
7f259c8d6000-7f259cad5000 ---p 00017000 08:03 23204698                   /lib/x86_64-linux-gnu/libnsl-2.19.so
7f259cad5000-7f259cad6000 r--p 00016000 08:03 23204698                   /lib/x86_64-linux-gnu/libnsl-2.19.so
7f259cad6000-7f259cad7000 rw-p 00017000 08:03 23204698                   /lib/x86_64-linux-gnu/libnsl-2.19.so
7f259cad7000-7f259cad9000 rw-p 00000000 00:00 0 
7f259cad9000-7f259cae2000 r-xp 00000000 08:03 23204742                   /lib/x86_64-linux-gnu/libnss_compat-2.19.so
7f259cae2000-7f259cce1000 ---p 00009000 08:03 23204742                   /lib/x86_64-linux-gnu/libnss_compat-2.19.so
7f259cce1000-7f259cce2000 r--p 00008000 08:03 23204742                   /lib/x86_64-linux-gnu/libnss_compat-2.19.so
7f259cce2000-7f259cce3000 rw-p 00009000 08:03 23204742                   /lib/x86_64-linux-gnu/libnss_compat-2.19.so
7f259cce3000-7f259cd10000 r-xp 00000000 08:03 5247111                    /usr/lib/jvm/java-8-openjdk-amd64/jre/lib/amd64/libjava.so
7f259cd10000-7f259cf10000 ---p 0002d000 08:03 5247111                    /usr/lib/jvm/java-8-openjdk-amd64/jre/lib/amd64/libjava.so
7f259cf10000-7f259cf11000 r--p 0002d000 08:03 5247111                    /usr/lib/jvm/java-8-openjdk-amd64/jre/lib/amd64/libjava.so
7f259cf11000-7f259cf13000 rw-p 0002e000 08:03 5247111                    /usr/lib/jvm/java-8-openjdk-amd64/jre/lib/amd64/libjava.so
7f259cf13000-7f259cf24000 r-xp 00000000 08:03 5247129                    /usr/lib/jvm/java-8-openjdk-amd64/jre/lib/amd64/libverify.so
7f259cf24000-7f259d123000 ---p 00011000 08:03 5247129                    /usr/lib/jvm/java-8-openjdk-amd64/jre/lib/amd64/libverify.so
7f259d123000-7f259d125000 r--p 00010000 08:03 5247129                    /usr/lib/jvm/java-8-openjdk-amd64/jre/lib/amd64/libverify.so
7f259d125000-7f259d126000 rw-p 00012000 08:03 5247129                    /usr/lib/jvm/java-8-openjdk-amd64/jre/lib/amd64/libverify.so
7f259d126000-7f259d12d000 r-xp 00000000 08:03 23204753                   /lib/x86_64-linux-gnu/librt-2.19.so
7f259d12d000-7f259d32c000 ---p 00007000 08:03 23204753                   /lib/x86_64-linux-gnu/librt-2.19.so
7f259d32c000-7f259d32d000 r--p 00006000 08:03 23204753                   /lib/x86_64-linux-gnu/librt-2.19.so
7f259d32d000-7f259d32e000 rw-p 00007000 08:03 23204753                   /lib/x86_64-linux-gnu/librt-2.19.so
7f259d32e000-7f259d344000 r-xp 00000000 08:03 23200559                   /lib/x86_64-linux-gnu/libgcc_s.so.1
7f259d344000-7f259d543000 ---p 00016000 08:03 23200559                   /lib/x86_64-linux-gnu/libgcc_s.so.1
7f259d543000-7f259d544000 r--p 00015000 08:03 23200559                   /lib/x86_64-linux-gnu/libgcc_s.so.1
7f259d544000-7f259d545000 rw-p 00016000 08:03 23200559                   /lib/x86_64-linux-gnu/libgcc_s.so.1
7f259d545000-7f259d64a000 r-xp 00000000 08:03 23204759                   /lib/x86_64-linux-gnu/libm-2.19.so
7f259d64a000-7f259d849000 ---p 00105000 08:03 23204759                   /lib/x86_64-linux-gnu/libm-2.19.so
7f259d849000-7f259d84a000 r--p 00104000 08:03 23204759                   /lib/x86_64-linux-gnu/libm-2.19.so
7f259d84a000-7f259d84b000 rw-p 00105000 08:03 23204759                   /lib/x86_64-linux-gnu/libm-2.19.so
7f259d84b000-7f259d93b000 r-xp 00000000 08:03 4982433                    /usr/lib/x86_64-linux-gnu/libstdc++.so.6.0.20
7f259d93b000-7f259db3b000 ---p 000f0000 08:03 4982433                    /usr/lib/x86_64-linux-gnu/libstdc++.so.6.0.20
7f259db3b000-7f259db43000 r--p 000f0000 08:03 4982433                    /usr/lib/x86_64-linux-gnu/libstdc++.so.6.0.20
7f259db43000-7f259db45000 rw-p 000f8000 08:03 4982433                    /usr/lib/x86_64-linux-gnu/libstdc++.so.6.0.20
7f259db45000-7f259db5a000 rw-p 00000000 00:00 0 
7f259db5a000-7f259e7d7000 r-xp 00000000 08:03 5380746                    /usr/lib/jvm/java-8-openjdk-amd64/jre/lib/amd64/server/libjvm.so
7f259e7d7000-7f259e9d6000 ---p 00c7d000 08:03 5380746                    /usr/lib/jvm/java-8-openjdk-amd64/jre/lib/amd64/server/libjvm.so
7f259e9d6000-7f259ea79000 r--p 00c7c000 08:03 5380746                    /usr/lib/jvm/java-8-openjdk-amd64/jre/lib/amd64/server/libjvm.so
7f259ea79000-7f259eaa2000 rw-p 00d1f000 08:03 5380746                    /usr/lib/jvm/java-8-openjdk-amd64/jre/lib/amd64/server/libjvm.so
7f259eaa2000-7f259ead1000 rw-p 00000000 00:00 0 
7f259ead1000-7f259eae9000 r-xp 00000000 08:03 23204746                   /lib/x86_64-linux-gnu/libpthread-2.19.so
7f259eae9000-7f259ece9000 ---p 00018000 08:03 23204746                   /lib/x86_64-linux-gnu/libpthread-2.19.so
7f259ece9000-7f259ecea000 r--p 00018000 08:03 23204746                   /lib/x86_64-linux-gnu/libpthread-2.19.so
7f259ecea000-7f259eceb000 rw-p 00019000 08:03 23204746                   /lib/x86_64-linux-gnu/libpthread-2.19.so
7f259eceb000-7f259ecef000 rw-p 00000000 00:00 0 
7f259ecef000-7f259ecf2000 r-xp 00000000 08:03 23208991                   /lib/x86_64-linux-gnu/libdl-2.19.so
7f259ecf2000-7f259eef1000 ---p 00003000 08:03 23208991                   /lib/x86_64-linux-gnu/libdl-2.19.so
7f259eef1000-7f259eef2000 r--p 00002000 08:03 23208991                   /lib/x86_64-linux-gnu/libdl-2.19.so
7f259eef2000-7f259eef3000 rw-p 00003000 08:03 23208991                   /lib/x86_64-linux-gnu/libdl-2.19.so
7f259eef3000-7f259ef0b000 r-xp 00000000 08:03 23208945                   /lib/x86_64-linux-gnu/libz.so.1.2.8
7f259ef0b000-7f259f10a000 ---p 00018000 08:03 23208945                   /lib/x86_64-linux-gnu/libz.so.1.2.8
7f259f10a000-7f259f10b000 r--p 00017000 08:03 23208945                   /lib/x86_64-linux-gnu/libz.so.1.2.8
7f259f10b000-7f259f10c000 rw-p 00018000 08:03 23208945                   /lib/x86_64-linux-gnu/libz.so.1.2.8
7f259f10c000-7f259f2c6000 r-xp 00000000 08:03 23204677                   /lib/x86_64-linux-gnu/libc-2.19.so
7f259f2c6000-7f259f4c6000 ---p 001ba000 08:03 23204677                   /lib/x86_64-linux-gnu/libc-2.19.so
7f259f4c6000-7f259f4ca000 r--p 001ba000 08:03 23204677                   /lib/x86_64-linux-gnu/libc-2.19.so
7f259f4ca000-7f259f4cc000 rw-p 001be000 08:03 23204677                   /lib/x86_64-linux-gnu/libc-2.19.so
7f259f4cc000-7f259f4d1000 rw-p 00000000 00:00 0 
7f259f4d1000-7f259f4df000 r-xp 00000000 08:03 5247120                    /usr/lib/jvm/java-8-openjdk-amd64/jre/lib/amd64/jli/libjli.so
7f259f4df000-7f259f6de000 ---p 0000e000 08:03 5247120                    /usr/lib/jvm/java-8-openjdk-amd64/jre/lib/amd64/jli/libjli.so
7f259f6de000-7f259f6df000 r--p 0000d000 08:03 5247120                    /usr/lib/jvm/java-8-openjdk-amd64/jre/lib/amd64/jli/libjli.so
7f259f6df000-7f259f6e0000 rw-p 0000e000 08:03 5247120                    /usr/lib/jvm/java-8-openjdk-amd64/jre/lib/amd64/jli/libjli.so
7f259f6e0000-7f259f703000 r-xp 00000000 08:03 23208953                   /lib/x86_64-linux-gnu/ld-2.19.so
7f259f7ce000-7f259f7d1000 ---p 00000000 00:00 0 
7f259f7d1000-7f259f8d4000 rw-p 00000000 00:00 0                          [stack:8053]
7f259f8f3000-7f259f8f6000 rw-p 00000000 00:00 0 
7f259f8f6000-7f259f8fe000 rw-s 00000000 08:03 26214504                   /tmp/hsperfdata_nlw/8052
7f259f8fe000-7f259f8ff000 rw-p 00000000 00:00 0 
7f259f8ff000-7f259f900000 r--p 00000000 00:00 0 
7f259f900000-7f259f902000 rw-p 00000000 00:00 0 
7f259f902000-7f259f903000 r--p 00022000 08:03 23208953                   /lib/x86_64-linux-gnu/ld-2.19.so
7f259f903000-7f259f904000 rw-p 00023000 08:03 23208953                   /lib/x86_64-linux-gnu/ld-2.19.so
7f259f904000-7f259f905000 rw-p 00000000 00:00 0 
7fffcb794000-7fffcb7b5000 rw-p 00000000 00:00 0                          [stack]
7fffcb7fc000-7fffcb7fe000 r-xp 00000000 00:00 0                          [vdso]
7fffcb7fe000-7fffcb800000 r--p 00000000 00:00 0                          [vvar]
ffffffffff600000-ffffffffff601000 r-xp 00000000 00:00 0                  [vsyscall]

VM Arguments:
jvm_args: -Xms1024m -Xmx1024m -XX:ReservedCodeCacheSize=128m -XX:MaxMetaspaceSize=256m 
java_command: /usr/share/sbt-launcher-packaging/bin/sbt-launch.jar run
java_class_path (initial): /usr/share/sbt-launcher-packaging/bin/sbt-launch.jar
Launcher Type: SUN_STANDARD

Environment Variables:
JAVA_HOME=/usr/lib/jvm/java-8-openjdk-amd64
PATH=/opt/scala/scala-2.12.0-M1/bin:/home/nlw/bin:/usr/local/sbin:/usr/local/bin:/usr/sbin:/usr/bin:/sbin:/bin:/usr/games:/usr/local/games:/home/nwerneck/depot_tools:/home/nlw/src/ec2-api-tools-1.6.9.0/bin:/home/nlw/bin/depot_tools
SHELL=/usr/bin/fish
DISPLAY=:0

Signal Handlers:
SIGSEGV: [libjvm.so+0xa83200], sa_mask[0]=11111111011111111101111111111110, sa_flags=SA_RESTART|SA_SIGINFO
SIGBUS: [libjvm.so+0xa83200], sa_mask[0]=11111111011111111101111111111110, sa_flags=SA_RESTART|SA_SIGINFO
SIGFPE: [libjvm.so+0x8cd920], sa_mask[0]=11111111011111111101111111111110, sa_flags=SA_RESTART|SA_SIGINFO
SIGPIPE: [libjvm.so+0x8cd920], sa_mask[0]=11111111011111111101111111111110, sa_flags=SA_RESTART|SA_SIGINFO
SIGXFSZ: [libjvm.so+0x8cd920], sa_mask[0]=11111111011111111101111111111110, sa_flags=SA_RESTART|SA_SIGINFO
SIGILL: [libjvm.so+0x8cd920], sa_mask[0]=11111111011111111101111111111110, sa_flags=SA_RESTART|SA_SIGINFO
SIGUSR1: SIG_DFL, sa_mask[0]=00000000000000000000000000000000, sa_flags=none
SIGUSR2: [libjvm.so+0x8cd7d0], sa_mask[0]=00000000000000000000000000000000, sa_flags=SA_RESTART|SA_SIGINFO
SIGHUP: SIG_DFL, sa_mask[0]=00000000000000000000000000000000, sa_flags=none
SIGINT: SIG_DFL, sa_mask[0]=00000000000000000000000000000000, sa_flags=none
SIGTERM: SIG_DFL, sa_mask[0]=00000000000000000000000000000000, sa_flags=none
SIGQUIT: SIG_DFL, sa_mask[0]=00000000000000000000000000000000, sa_flags=none


---------------  S Y S T E M  ---------------

OS:DISTRIB_ID=Ubuntu
DISTRIB_RELEASE=14.10
DISTRIB_CODENAME=utopic
DISTRIB_DESCRIPTION="Ubuntu 14.10"

uname:Linux 3.16.0-23-generic #31-Ubuntu SMP Tue Oct 21 17:56:17 UTC 2014 x86_64
libc:glibc 2.19 NPTL 2.19 
rlimit: STACK 8192k, CORE 0k, NPROC 15354, NOFILE 4096, AS infinity
load average:0.48 1.54 1.78

/proc/meminfo:
MemTotal:        3953116 kB
MemFree:          109876 kB
MemAvailable:     372120 kB
Buffers:           27468 kB
Cached:           553876 kB
SwapCached:            0 kB
Active:          3331664 kB
Inactive:         310780 kB
Active(anon):    3068344 kB
Inactive(anon):   165872 kB
Active(file):     263320 kB
Inactive(file):   144908 kB
Unevictable:          32 kB
Mlocked:              32 kB
SwapTotal:             0 kB
SwapFree:              0 kB
Dirty:               220 kB
Writeback:             0 kB
AnonPages:       3061148 kB
Mapped:           361860 kB
Shmem:            173176 kB
Slab:              77944 kB
SReclaimable:      45884 kB
SUnreclaim:        32060 kB
KernelStack:       12896 kB
PageTables:        44852 kB
NFS_Unstable:          0 kB
Bounce:                0 kB
WritebackTmp:          0 kB
CommitLimit:     1976556 kB
Committed_AS:    8210384 kB
VmallocTotal:   34359738367 kB
VmallocUsed:      347080 kB
VmallocChunk:   34359377308 kB
HardwareCorrupted:     0 kB
AnonHugePages:    622592 kB
HugePages_Total:       0
HugePages_Free:        0
HugePages_Rsvd:        0
HugePages_Surp:        0
Hugepagesize:       2048 kB
DirectMap4k:       88352 kB
DirectMap2M:     4012032 kB


CPU:total 4 (2 cores per cpu, 2 threads per core) family 6 model 42 stepping 7, cmov, cx8, fxsr, mmx, sse, sse2, sse3, ssse3, sse4.1, sse4.2, popcnt, avx, aes, clmul, ht, tsc, tscinvbit

/proc/cpuinfo:
processor	: 0
vendor_id	: GenuineIntel
cpu family	: 6
model		: 42
model name	: Intel(R) Core(TM) i5-2450M CPU @ 2.50GHz
stepping	: 7
microcode	: 0x1b
cpu MHz		: 2900.097
cache size	: 3072 KB
physical id	: 0
siblings	: 4
core id		: 0
cpu cores	: 2
apicid		: 0
initial apicid	: 0
fpu		: yes
fpu_exception	: yes
cpuid level	: 13
wp		: yes
flags		: fpu vme de pse tsc msr pae mce cx8 apic sep mtrr pge mca cmov pat pse36 clflush dts acpi mmx fxsr sse sse2 ss ht tm pbe syscall nx rdtscp lm constant_tsc arch_perfmon pebs bts rep_good nopl xtopology nonstop_tsc aperfmperf eagerfpu pni pclmulqdq dtes64 monitor ds_cpl vmx est tm2 ssse3 cx16 xtpr pdcm pcid sse4_1 sse4_2 x2apic popcnt tsc_deadline_timer aes xsave avx lahf_lm ida arat epb xsaveopt pln pts dtherm tpr_shadow vnmi flexpriority ept vpid
bogomips	: 4988.54
clflush size	: 64
cache_alignment	: 64
address sizes	: 36 bits physical, 48 bits virtual
power management:

processor	: 1
vendor_id	: GenuineIntel
cpu family	: 6
model		: 42
model name	: Intel(R) Core(TM) i5-2450M CPU @ 2.50GHz
stepping	: 7
microcode	: 0x1b
cpu MHz		: 2900.000
cache size	: 3072 KB
physical id	: 0
siblings	: 4
core id		: 1
cpu cores	: 2
apicid		: 2
initial apicid	: 2
fpu		: yes
fpu_exception	: yes
cpuid level	: 13
wp		: yes
flags		: fpu vme de pse tsc msr pae mce cx8 apic sep mtrr pge mca cmov pat pse36 clflush dts acpi mmx fxsr sse sse2 ss ht tm pbe syscall nx rdtscp lm constant_tsc arch_perfmon pebs bts rep_good nopl xtopology nonstop_tsc aperfmperf eagerfpu pni pclmulqdq dtes64 monitor ds_cpl vmx est tm2 ssse3 cx16 xtpr pdcm pcid sse4_1 sse4_2 x2apic popcnt tsc_deadline_timer aes xsave avx lahf_lm ida arat epb xsaveopt pln pts dtherm tpr_shadow vnmi flexpriority ept vpid
bogomips	: 4988.54
clflush size	: 64
cache_alignment	: 64
address sizes	: 36 bits physical, 48 bits virtual
power management:

processor	: 2
vendor_id	: GenuineIntel
cpu family	: 6
model		: 42
model name	: Intel(R) Core(TM) i5-2450M CPU @ 2.50GHz
stepping	: 7
microcode	: 0x1b
cpu MHz		: 2900.292
cache size	: 3072 KB
physical id	: 0
siblings	: 4
core id		: 0
cpu cores	: 2
apicid		: 1
initial apicid	: 1
fpu		: yes
fpu_exception	: yes
cpuid level	: 13
wp		: yes
flags		: fpu vme de pse tsc msr pae mce cx8 apic sep mtrr pge mca cmov pat pse36 clflush dts acpi mmx fxsr sse sse2 ss ht tm pbe syscall nx rdtscp lm constant_tsc arch_perfmon pebs bts rep_good nopl xtopology nonstop_tsc aperfmperf eagerfpu pni pclmulqdq dtes64 monitor ds_cpl vmx est tm2 ssse3 cx16 xtpr pdcm pcid sse4_1 sse4_2 x2apic popcnt tsc_deadline_timer aes xsave avx lahf_lm ida arat epb xsaveopt pln pts dtherm tpr_shadow vnmi flexpriority ept vpid
bogomips	: 4988.54
clflush size	: 64
cache_alignment	: 64
address sizes	: 36 bits physical, 48 bits virtual
power management:

processor	: 3
vendor_id	: GenuineIntel
cpu family	: 6
model		: 42
model name	: Intel(R) Core(TM) i5-2450M CPU @ 2.50GHz
stepping	: 7
microcode	: 0x1b
cpu MHz		: 2895.996
cache size	: 3072 KB
physical id	: 0
siblings	: 4
core id		: 1
cpu cores	: 2
apicid		: 3
initial apicid	: 3
fpu		: yes
fpu_exception	: yes
cpuid level	: 13
wp		: yes
flags		: fpu vme de pse tsc msr pae mce cx8 apic sep mtrr pge mca cmov pat pse36 clflush dts acpi mmx fxsr sse sse2 ss ht tm pbe syscall nx rdtscp lm constant_tsc arch_perfmon pebs bts rep_good nopl xtopology nonstop_tsc aperfmperf eagerfpu pni pclmulqdq dtes64 monitor ds_cpl vmx est tm2 ssse3 cx16 xtpr pdcm pcid sse4_1 sse4_2 x2apic popcnt tsc_deadline_timer aes xsave avx lahf_lm ida arat epb xsaveopt pln pts dtherm tpr_shadow vnmi flexpriority ept vpid
bogomips	: 4988.54
clflush size	: 64
cache_alignment	: 64
address sizes	: 36 bits physical, 48 bits virtual
power management:



Memory: 4k page, physical 3953116k(109876k free), swap 0k(0k free)

vm_info: OpenJDK 64-Bit Server VM (25.40-b13) for linux-amd64 JRE (1.8.0_40-internal-b09), built on Oct 14 2014 17:09:13 by "buildd" with gcc 4.9.1

time: Tue Jun  9 02:13:09 2015
elapsed time: 0 seconds (0d 0h 0m 0s)

